c:\users\ch faheem\source\repos\oop assignment 3\oop assignment 3\debug\vc142.pdb
c:\users\ch faheem\source\repos\oop assignment 3\oop assignment 3\debug\vc142.idb
c:\users\ch faheem\source\repos\oop assignment 3\oop assignment 3\debug\source.obj
c:\users\ch faheem\source\repos\oop assignment 3\oop assignment 3\debug\game.obj
c:\users\ch faheem\source\repos\oop assignment 3\oop assignment 3\debug\source1.obj
c:\users\ch faheem\source\repos\oop assignment 3\debug\oop assignment 3.pdb
c:\users\ch faheem\source\repos\oop assignment 3\oop assignment 3\debug\oop assignment 3.tlog\cl.command.1.tlog
c:\users\ch faheem\source\repos\oop assignment 3\oop assignment 3\debug\oop assignment 3.tlog\cl.read.1.tlog
c:\users\ch faheem\source\repos\oop assignment 3\oop assignment 3\debug\oop assignment 3.tlog\cl.write.1.tlog
c:\users\ch faheem\source\repos\oop assignment 3\oop assignment 3\debug\oop assignment 3.tlog\link-cvtres.read.1.tlog
c:\users\ch faheem\source\repos\oop assignment 3\oop assignment 3\debug\oop assignment 3.tlog\link-cvtres.write.1.tlog
c:\users\ch faheem\source\repos\oop assignment 3\oop assignment 3\debug\oop assignment 3.tlog\link-rc.read.1.tlog
c:\users\ch faheem\source\repos\oop assignment 3\oop assignment 3\debug\oop assignment 3.tlog\link-rc.write.1.tlog
c:\users\ch faheem\source\repos\oop assignment 3\oop assignment 3\debug\oop assignment 3.tlog\link.10160-cvtres.read.1.tlog
c:\users\ch faheem\source\repos\oop assignment 3\oop assignment 3\debug\oop assignment 3.tlog\link.10160-cvtres.write.1.tlog
c:\users\ch faheem\source\repos\oop assignment 3\oop assignment 3\debug\oop assignment 3.tlog\link.10160-rc.read.1.tlog
c:\users\ch faheem\source\repos\oop assignment 3\oop assignment 3\debug\oop assignment 3.tlog\link.10160-rc.write.1.tlog
c:\users\ch faheem\source\repos\oop assignment 3\oop assignment 3\debug\oop assignment 3.tlog\link.10160.read.1.tlog
c:\users\ch faheem\source\repos\oop assignment 3\oop assignment 3\debug\oop assignment 3.tlog\link.10160.write.1.tlog
c:\users\ch faheem\source\repos\oop assignment 3\oop assignment 3\debug\oop assignment 3.tlog\link.command.1.tlog
c:\users\ch faheem\source\repos\oop assignment 3\oop assignment 3\debug\oop assignment 3.tlog\link.read.1.tlog
c:\users\ch faheem\source\repos\oop assignment 3\oop assignment 3\debug\oop assignment 3.tlog\link.write.1.tlog
